     1                                      section .data
     2                                  
     3                                      section .bss
     4 00000000 <res 100h>              WordList     resb 256
     5 00000100 <res 19h>               WordLen      resb 25
     6                                  
     7                                  
     8                                  global _Z4str1PKc
     9                                  extern _Z6print1Pc
    10                                      section .text 
    11                                  _Z4str1PKc:  
    12 00000000 55                      	push rbp 
    13 00000001 4889E5                      mov rbp,rsp 
    14 00000004 51                          push rcx 
    15 00000005 50                          push rax 
    16 00000006 53                          push rbx
    17 00000007 52                          push rdx
    18 00000008 57                          push rdi
    19 00000009 56                          push rsi
    20 0000000A 4150                        push r8
    21 0000000C 4151                        push r9
    22 0000000E 4154                        push r12
    23 00000010 4156                        push r14
    24                                  
    25 00000012 4989F8                      mov r8,rdi
    26                                  
    27 00000015 E884000000                  call getwordspos
    28                                     
    29                                  
    30 0000001A BB00000000                  mov rbx,0
    31 0000001F B900000000                  mov rcx,0
    32 00000024 88D1                        mov cl,dl
    33                                      cycle1:
    34 00000026 51                          push rcx
    35                                  
    36 00000027 41BE00000000                mov r14,0
    37 0000002D BA00000000                  mov rdx,0
    38 00000032 88D9                        mov cl,bl
    39                                  
    40                                  
    41                                  
    42 00000034 E8A6000000                  call isunique
    43                                      ;mov rdx,0
    44                                  
    45                                  
    46 00000039 4883FA00                    cmp rdx,0
    47 0000003D 753C                        jne skipadd
    48 0000003F 51                          push rcx
    49 00000040 57                          push rdi
    50 00000041 56                          push rsi
    51                                  
    52 00000042 8A8B[01010000]              mov cl,[WordLen+rbx+1]
    53 00000048 2A8B[00010000]              sub cl,[WordLen+rbx]
    54 0000004E FEC9                        dec cl
    55                                  
    56                                  
    57                                      ;mov RCX, wordlen done
    58 00000050 51                          push rcx
    59 00000051 4D89C1                      mov r9,r8
    60 00000054 44028B[00010000]            add r9b,[WordLen+rbx]
    61 0000005B 4C89CE                      mov RSI,r9
    62 0000005E 498DBC24[00000000]          lea RDI,[WordList+r12]
    63 00000066 F3A4                        rep movsb
    64 00000068 59                          pop rcx
    65                                  
    66 00000069 4100CC                      add r12b,cl
    67 0000006C 41C68424[00000000]-         mov BYTE[WordList+r12],32
    67 00000074 20                 
    68 00000075 41FEC4                      inc r12b
    69                                  
    70                                  
    71                                  
    72                                  
    73                                  
    74 00000078 5E                          pop rsi 
    75 00000079 5F                          pop rdi
    76 0000007A 59                          pop rcx  
    77                                      skipadd:
    78 0000007B 59                          pop rcx
    79 0000007C 48FFC3                      inc rbx    
    80                                      ; loop cycle1
    81 0000007F FFC9                        dec ecx
    82 00000081 75A3                        jnz cycle1
    83                                  
    84 00000083 415E                        pop r14
    85 00000085 415C                        pop r12
    86 00000087 4159                        pop r9
    87 00000089 4158                        pop r8
    88 0000008B 5E                          pop rsi
    89 0000008C 5F                          pop rdi
    90                                  
    91                                      ; lea rdi,[WordList]
    92                                      ; call _Z6print1Pc
    93                                  
    94                                  
    95 0000008D 5A                          pop rdx
    96 0000008E 5B                          pop rbx
    97 0000008F 58                          pop rax 
    98 00000090 59                          pop rcx 
    99 00000091 4889EC                      mov rsp,rbp 
   100 00000094 5D                          pop rbp 
   101 00000095 488D0425[00000000]          lea rax,[WordList]    
   102 0000009D C3                          ret
   103                                  
   104                                      getwordspos:
   105                                  
   106 0000009E 41BC00000000                mov r12,0
   107 000000A4 48C7C3FFFFFFFF              mov rbx,-1
   108 000000AB BA01000000                  mov rdx,1
   109                                      nextsym:
   110 000000B0 48FFC3                      inc rbx
   111 000000B3 41803C1800                  cmp BYTE[r8+rbx],0
   112 000000B8 7418                        je after
   113 000000BA 41803C1820                  cmp BYTE[r8+rbx],32
   114 000000BF 75EF                        jne nextsym
   115 000000C1 889A[00010000]              mov [WordLen+rdx],bl
   116 000000C7 FE82[00010000]              inc BYTE[WordLen+rdx]
   117 000000CD 48FFC2                      inc rdx
   118 000000D0 EBDE                        jmp nextsym
   119                                      after:
   120 000000D2 889A[00010000]              mov [WordLen+rdx],bl
   121 000000D8 FE82[00010000]              inc BYTE[WordLen+rdx]
   122                                      ; mov [WordCount],dl
   123                                  
   124 000000DE C3                          ret
   125                                  
   126                                      isunique:
   127 000000DF 51                          push rcx
   128 000000E0 4150                        push r8
   129 000000E2 4151                        push r9
   130 000000E4 56                          push rsi 
   131 000000E5 57                          push rdi
   132 000000E6 53                          push rbx
   133 000000E7 4154                        push r12
   134 000000E9 BA00000000                  mov rdx,0   ; not found
   135                                  
   136 000000EE BB00000000                  mov rbx,0
   137 000000F3 88CB                        mov bl,cl
   138 000000F5 8A8B[01010000]              mov cl,[WordLen+rbx+1]
   139 000000FB 2A8B[00010000]              sub cl,[WordLen+rbx]
   140 00000101 FEC9                        dec cl
   141                                      ;inc cl
   142                                  
   143                                      ;call debugprint
   144                                      ; correct ++
   145 00000103 53                          push rbx
   146 00000104 4989DC                      mov r12,rbx    
   147                                  cmpagain:
   148 00000107 80BB[02010000]00            cmp BYTE[WordLen+rbx+2],0
   149 0000010E 744B                        je endcmp
   150                                  
   151                                      ; mov cl,bl
   152                                      ; call debugprint
   153                                  
   154                                      
   155                                      ; mov cl,[WordLen+rbx]
   156                                      ; call debugprint
   157 00000110 418A8C24[01010000]          mov cl,[WordLen+r12+1]
   158 00000118 412A8C24[00010000]          sub cl,[WordLen+r12]
   159 00000120 FEC9                        dec cl
   160                                  
   161                                  
   162 00000122 BE00000000                  mov rsi,0
   163 00000127 BF00000000                  mov rdi,0
   164 0000012C 408AB3[01010000]            mov sil,[WordLen+rbx+1]
   165 00000133 4D89C6                      mov r14,r8
   166 00000136 4C01F6                      add rsi,r14
   167 00000139 418ABC24[00010000]          mov dil,[WordLen+r12]
   168 00000141 4C01F7                      add rdi,r14
   169 00000144 FEC1                        inc cl
   170 00000146 FEC1                        inc cl
   171 00000148 F3A6                        rep cmpsb
   172 0000014A 80F900                      cmp cl,0
   173 0000014D 7507                        jne notfound
   174                                  
   175 0000014F BA01000000                  mov rdx,1  ; found   
   176 00000154 EB05                        jmp endcmp
   177                                  
   178                                      notfound:
   179                                      
   180                                      
   181 00000156 48FFC3                      inc rbx
   182 00000159 EBAC                        jmp cmpagain
   183                                  endcmp:
   184 0000015B 5B                          pop rbx
   185                                  
   186 0000015C 415C                        pop r12
   187 0000015E 5B                          pop rbx
   188 0000015F 5F                          pop rdi
   189 00000160 5E                          pop rsi
   190 00000161 4159                        pop r9
   191 00000163 4158                        pop r8
   192 00000165 59                          pop rcx
   193                                  
   194 00000166 C3                          ret
